{"C:\\Users\\pulyg\\OneDrive\\Escritorio\\APPS-WEBS-BIBLIOTECA\\NodeJS-TS\\Budget-back\\src\\server.ts": {"path":"C:\\Users\\pulyg\\OneDrive\\Escritorio\\APPS-WEBS-BIBLIOTECA\\NodeJS-TS\\Budget-back\\src\\server.ts","statementMap":{"0":{"start":{"line":1,"column":0},"end":{"line":1,"column":29}},"1":{"start":{"line":2,"column":0},"end":{"line":2,"column":27}},"2":{"start":{"line":3,"column":0},"end":{"line":3,"column":37}},"3":{"start":{"line":4,"column":0},"end":{"line":4,"column":49}},"4":{"start":{"line":5,"column":0},"end":{"line":5,"column":45}},"5":{"start":{"line":8,"column":4},"end":{"line":14,"column":5}},"6":{"start":{"line":9,"column":8},"end":{"line":9,"column":32}},"7":{"start":{"line":10,"column":8},"end":{"line":10,"column":null}},"8":{"start":{"line":11,"column":8},"end":{"line":11,"column":62}},"9":{"start":{"line":13,"column":8},"end":{"line":13,"column":53}},"10":{"start":{"line":17,"column":0},"end":{"line":17,"column":12}},"11":{"start":{"line":18,"column":12},"end":{"line":18,"column":21}},"12":{"start":{"line":20,"column":0},"end":{"line":20,"column":null}},"13":{"start":{"line":22,"column":0},"end":{"line":22,"column":null}},"14":{"start":{"line":24,"column":0},"end":{"line":26,"column":null}},"15":{"start":{"line":25,"column":2},"end":{"line":25,"column":null}},"16":{"start":{"line":29,"column":0},"end":{"line":29,"column":38}},"17":{"start":{"line":30,"column":0},"end":{"line":30,"column":33}},"18":{"start":{"line":32,"column":0},"end":{"line":32,"column":null}}},"fnMap":{"0":{"name":"connectDB","decl":{"start":{"line":7,"column":15},"end":{"line":7,"column":24}},"loc":{"start":{"line":7,"column":24},"end":{"line":15,"column":1}}},"1":{"name":"(anonymous_2)","decl":{"start":{"line":24,"column":13},"end":{"line":24,"column":14}},"loc":{"start":{"line":24,"column":26},"end":{"line":26,"column":1}}}},"branchMap":{},"s":{"0":1,"1":1,"2":1,"3":1,"4":1,"5":1,"6":1,"7":0,"8":0,"9":0,"10":1,"11":1,"12":1,"13":1,"14":1,"15":1,"16":1,"17":1,"18":1},"f":{"0":1,"1":1},"b":{}}
,"C:\\Users\\pulyg\\OneDrive\\Escritorio\\APPS-WEBS-BIBLIOTECA\\NodeJS-TS\\Budget-back\\src\\config\\database.ts": {"path":"C:\\Users\\pulyg\\OneDrive\\Escritorio\\APPS-WEBS-BIBLIOTECA\\NodeJS-TS\\Budget-back\\src\\config\\database.ts","statementMap":{"0":{"start":{"line":1,"column":0},"end":{"line":1,"column":49}},"1":{"start":{"line":2,"column":0},"end":{"line":2,"column":27}},"2":{"start":{"line":4,"column":0},"end":{"line":4,"column":16}},"3":{"start":{"line":6,"column":15},"end":{"line":6,"column":33}},"4":{"start":{"line":8,"column":13},"end":{"line":18,"column":null}}},"fnMap":{},"branchMap":{},"s":{"0":1,"1":1,"2":1,"3":1,"4":1},"f":{},"b":{}}
,"C:\\Users\\pulyg\\OneDrive\\Escritorio\\APPS-WEBS-BIBLIOTECA\\NodeJS-TS\\Budget-back\\src\\config\\limiter.ts": {"path":"C:\\Users\\pulyg\\OneDrive\\Escritorio\\APPS-WEBS-BIBLIOTECA\\NodeJS-TS\\Budget-back\\src\\config\\limiter.ts","statementMap":{"0":{"start":{"line":1,"column":0},"end":{"line":1,"column":46}},"1":{"start":{"line":3,"column":13},"end":{"line":7,"column":null}}},"fnMap":{},"branchMap":{},"s":{"0":1,"1":1},"f":{},"b":{}}
,"C:\\Users\\pulyg\\OneDrive\\Escritorio\\APPS-WEBS-BIBLIOTECA\\NodeJS-TS\\Budget-back\\src\\config\\nodemailer.ts": {"path":"C:\\Users\\pulyg\\OneDrive\\Escritorio\\APPS-WEBS-BIBLIOTECA\\NodeJS-TS\\Budget-back\\src\\config\\nodemailer.ts","statementMap":{"0":{"start":{"line":1,"column":0},"end":{"line":1,"column":36}},"1":{"start":{"line":13,"column":29},"end":{"line":21,"column":2}},"2":{"start":{"line":23,"column":13},"end":{"line":23,"column":65}}},"fnMap":{},"branchMap":{},"s":{"0":2,"1":2,"2":2},"f":{},"b":{}}
,"C:\\Users\\pulyg\\OneDrive\\Escritorio\\APPS-WEBS-BIBLIOTECA\\NodeJS-TS\\Budget-back\\src\\controllers\\auth.controller.ts": {"path":"C:\\Users\\pulyg\\OneDrive\\Escritorio\\APPS-WEBS-BIBLIOTECA\\NodeJS-TS\\Budget-back\\src\\controllers\\auth.controller.ts","statementMap":{"0":{"start":{"line":2,"column":0},"end":{"line":2,"column":27}},"1":{"start":{"line":3,"column":0},"end":{"line":3,"column":40}},"2":{"start":{"line":4,"column":0},"end":{"line":4,"column":55}},"3":{"start":{"line":5,"column":0},"end":{"line":5,"column":55}},"4":{"start":{"line":14,"column":22},"end":{"line":42,"column":5}},"5":{"start":{"line":15,"column":8},"end":{"line":41,"column":9}},"6":{"start":{"line":16,"column":44},"end":{"line":16,"column":52}},"7":{"start":{"line":18,"column":33},"end":{"line":18,"column":73}},"8":{"start":{"line":19,"column":12},"end":{"line":22,"column":13}},"9":{"start":{"line":20,"column":16},"end":{"line":20,"column":77}},"10":{"start":{"line":21,"column":16},"end":{"line":21,"column":23}},"11":{"start":{"line":24,"column":25},"end":{"line":24,"column":52}},"12":{"start":{"line":26,"column":35},"end":{"line":26,"column":66}},"13":{"start":{"line":28,"column":12},"end":{"line":28,"column":43}},"14":{"start":{"line":30,"column":26},"end":{"line":30,"column":41}},"15":{"start":{"line":31,"column":12},"end":{"line":31,"column":31}},"16":{"start":{"line":33,"column":12},"end":{"line":33,"column":67}},"17":{"start":{"line":35,"column":12},"end":{"line":35,"column":30}},"18":{"start":{"line":37,"column":12},"end":{"line":37,"column":39}},"19":{"start":{"line":39,"column":12},"end":{"line":39,"column":54}},"20":{"start":{"line":40,"column":12},"end":{"line":40,"column":71}},"21":{"start":{"line":44,"column":20},"end":{"line":67,"column":5}},"22":{"start":{"line":45,"column":8},"end":{"line":66,"column":9}},"23":{"start":{"line":46,"column":28},"end":{"line":46,"column":36}},"24":{"start":{"line":48,"column":25},"end":{"line":48,"column":64}},"25":{"start":{"line":49,"column":12},"end":{"line":53,"column":13}},"26":{"start":{"line":50,"column":30},"end":{"line":50,"column":70}},"27":{"start":{"line":51,"column":16},"end":{"line":51,"column":59}},"28":{"start":{"line":52,"column":16},"end":{"line":52,"column":23}},"29":{"start":{"line":55,"column":12},"end":{"line":55,"column":28}},"30":{"start":{"line":56,"column":12},"end":{"line":56,"column":33}},"31":{"start":{"line":58,"column":12},"end":{"line":58,"column":30}},"32":{"start":{"line":59,"column":38},"end":{"line":59,"column":42}},"33":{"start":{"line":60,"column":12},"end":{"line":60,"column":68}},"34":{"start":{"line":62,"column":12},"end":{"line":62,"column":74}},"35":{"start":{"line":64,"column":12},"end":{"line":64,"column":54}},"36":{"start":{"line":65,"column":12},"end":{"line":65,"column":71}},"37":{"start":{"line":69,"column":19},"end":{"line":99,"column":5}},"38":{"start":{"line":70,"column":8},"end":{"line":98,"column":9}},"39":{"start":{"line":71,"column":38},"end":{"line":71,"column":46}},"40":{"start":{"line":73,"column":25},"end":{"line":73,"column":64}},"41":{"start":{"line":74,"column":12},"end":{"line":78,"column":13}},"42":{"start":{"line":75,"column":30},"end":{"line":75,"column":77}},"43":{"start":{"line":76,"column":16},"end":{"line":76,"column":59}},"44":{"start":{"line":77,"column":16},"end":{"line":77,"column":23}},"45":{"start":{"line":80,"column":12},"end":{"line":84,"column":13}},"46":{"start":{"line":81,"column":30},"end":{"line":81,"column":69}},"47":{"start":{"line":82,"column":16},"end":{"line":82,"column":59}},"48":{"start":{"line":83,"column":16},"end":{"line":83,"column":23}},"49":{"start":{"line":86,"column":36},"end":{"line":86,"column":81}},"50":{"start":{"line":87,"column":12},"end":{"line":90,"column":13}},"51":{"start":{"line":88,"column":16},"end":{"line":88,"column":68}},"52":{"start":{"line":89,"column":16},"end":{"line":89,"column":22}},"53":{"start":{"line":92,"column":26},"end":{"line":92,"column":44}},"54":{"start":{"line":93,"column":12},"end":{"line":93,"column":30}},"55":{"start":{"line":96,"column":12},"end":{"line":96,"column":54}},"56":{"start":{"line":97,"column":12},"end":{"line":97,"column":71}},"57":{"start":{"line":101,"column":28},"end":{"line":121,"column":5}},"58":{"start":{"line":102,"column":8},"end":{"line":120,"column":9}},"59":{"start":{"line":103,"column":28},"end":{"line":103,"column":36}},"60":{"start":{"line":104,"column":25},"end":{"line":104,"column":64}},"61":{"start":{"line":105,"column":12},"end":{"line":109,"column":13}},"62":{"start":{"line":106,"column":30},"end":{"line":106,"column":90}},"63":{"start":{"line":107,"column":16},"end":{"line":107,"column":59}},"64":{"start":{"line":108,"column":16},"end":{"line":108,"column":23}},"65":{"start":{"line":110,"column":12},"end":{"line":110,"column":41}},"66":{"start":{"line":111,"column":12},"end":{"line":111,"column":24}},"67":{"start":{"line":113,"column":12},"end":{"line":113,"column":68}},"68":{"start":{"line":115,"column":12},"end":{"line":115,"column":55}},"69":{"start":{"line":118,"column":12},"end":{"line":118,"column":54}},"70":{"start":{"line":119,"column":12},"end":{"line":119,"column":71}},"71":{"start":{"line":123,"column":27},"end":{"line":139,"column":5}},"72":{"start":{"line":124,"column":8},"end":{"line":138,"column":9}},"73":{"start":{"line":125,"column":28},"end":{"line":125,"column":36}},"74":{"start":{"line":126,"column":31},"end":{"line":126,"column":70}},"75":{"start":{"line":127,"column":12},"end":{"line":131,"column":13}},"76":{"start":{"line":128,"column":30},"end":{"line":128,"column":56}},"77":{"start":{"line":129,"column":16},"end":{"line":129,"column":59}},"78":{"start":{"line":130,"column":16},"end":{"line":130,"column":23}},"79":{"start":{"line":133,"column":12},"end":{"line":133,"column":46}},"80":{"start":{"line":136,"column":12},"end":{"line":136,"column":54}},"81":{"start":{"line":137,"column":12},"end":{"line":137,"column":71}},"82":{"start":{"line":141,"column":36},"end":{"line":165,"column":5}},"83":{"start":{"line":142,"column":8},"end":{"line":164,"column":9}},"84":{"start":{"line":143,"column":28},"end":{"line":143,"column":38}},"85":{"start":{"line":144,"column":34},"end":{"line":144,"column":42}},"86":{"start":{"line":146,"column":25},"end":{"line":146,"column":64}},"87":{"start":{"line":147,"column":12},"end":{"line":151,"column":13}},"88":{"start":{"line":148,"column":30},"end":{"line":148,"column":56}},"89":{"start":{"line":149,"column":16},"end":{"line":149,"column":59}},"90":{"start":{"line":150,"column":16},"end":{"line":150,"column":23}},"91":{"start":{"line":153,"column":38},"end":{"line":153,"column":72}},"92":{"start":{"line":155,"column":12},"end":{"line":155,"column":46}},"93":{"start":{"line":156,"column":12},"end":{"line":156,"column":28}},"94":{"start":{"line":157,"column":12},"end":{"line":157,"column":30}},"95":{"start":{"line":159,"column":12},"end":{"line":159,"column":59}},"96":{"start":{"line":162,"column":12},"end":{"line":162,"column":54}},"97":{"start":{"line":163,"column":12},"end":{"line":163,"column":71}},"98":{"start":{"line":167,"column":18},"end":{"line":169,"column":5}},"99":{"start":{"line":168,"column":8},"end":{"line":168,"column":27}},"100":{"start":{"line":171,"column":27},"end":{"line":187,"column":5}},"101":{"start":{"line":172,"column":8},"end":{"line":186,"column":9}},"102":{"start":{"line":173,"column":25},"end":{"line":173,"column":77}},"103":{"start":{"line":175,"column":12},"end":{"line":179,"column":13}},"104":{"start":{"line":176,"column":30},"end":{"line":176,"column":75}},"105":{"start":{"line":177,"column":16},"end":{"line":177,"column":59}},"106":{"start":{"line":178,"column":16},"end":{"line":178,"column":23}},"107":{"start":{"line":181,"column":12},"end":{"line":181,"column":51}},"108":{"start":{"line":184,"column":12},"end":{"line":184,"column":54}},"109":{"start":{"line":185,"column":12},"end":{"line":185,"column":71}},"110":{"start":{"line":13,"column":0},"end":{"line":13,"column":13}}},"fnMap":{"0":{"name":"(anonymous_1)","decl":{"start":{"line":14,"column":22},"end":{"line":14,"column":27}},"loc":{"start":{"line":14,"column":60},"end":{"line":42,"column":5}}},"1":{"name":"(anonymous_2)","decl":{"start":{"line":44,"column":20},"end":{"line":44,"column":25}},"loc":{"start":{"line":44,"column":58},"end":{"line":67,"column":5}}},"2":{"name":"(anonymous_3)","decl":{"start":{"line":69,"column":19},"end":{"line":69,"column":24}},"loc":{"start":{"line":69,"column":57},"end":{"line":99,"column":5}}},"3":{"name":"(anonymous_4)","decl":{"start":{"line":101,"column":28},"end":{"line":101,"column":33}},"loc":{"start":{"line":101,"column":66},"end":{"line":121,"column":5}}},"4":{"name":"(anonymous_5)","decl":{"start":{"line":123,"column":27},"end":{"line":123,"column":32}},"loc":{"start":{"line":123,"column":65},"end":{"line":139,"column":5}}},"5":{"name":"(anonymous_6)","decl":{"start":{"line":141,"column":36},"end":{"line":141,"column":41}},"loc":{"start":{"line":141,"column":74},"end":{"line":165,"column":5}}},"6":{"name":"(anonymous_7)","decl":{"start":{"line":167,"column":18},"end":{"line":167,"column":23}},"loc":{"start":{"line":167,"column":56},"end":{"line":169,"column":5}}},"7":{"name":"(anonymous_8)","decl":{"start":{"line":171,"column":27},"end":{"line":171,"column":32}},"loc":{"start":{"line":171,"column":65},"end":{"line":187,"column":5}}}},"branchMap":{"0":{"loc":{"start":{"line":19,"column":12},"end":{"line":22,"column":13}},"type":"if","locations":[{"start":{"line":19,"column":12},"end":{"line":22,"column":13}}]},"1":{"loc":{"start":{"line":49,"column":12},"end":{"line":53,"column":13}},"type":"if","locations":[{"start":{"line":49,"column":12},"end":{"line":53,"column":13}}]},"2":{"loc":{"start":{"line":74,"column":12},"end":{"line":78,"column":13}},"type":"if","locations":[{"start":{"line":74,"column":12},"end":{"line":78,"column":13}}]},"3":{"loc":{"start":{"line":80,"column":12},"end":{"line":84,"column":13}},"type":"if","locations":[{"start":{"line":80,"column":12},"end":{"line":84,"column":13}}]},"4":{"loc":{"start":{"line":87,"column":12},"end":{"line":90,"column":13}},"type":"if","locations":[{"start":{"line":87,"column":12},"end":{"line":90,"column":13}}]},"5":{"loc":{"start":{"line":105,"column":12},"end":{"line":109,"column":13}},"type":"if","locations":[{"start":{"line":105,"column":12},"end":{"line":109,"column":13}}]},"6":{"loc":{"start":{"line":127,"column":12},"end":{"line":131,"column":13}},"type":"if","locations":[{"start":{"line":127,"column":12},"end":{"line":131,"column":13}}]},"7":{"loc":{"start":{"line":147,"column":12},"end":{"line":151,"column":13}},"type":"if","locations":[{"start":{"line":147,"column":12},"end":{"line":151,"column":13}}]},"8":{"loc":{"start":{"line":175,"column":12},"end":{"line":179,"column":13}},"type":"if","locations":[{"start":{"line":175,"column":12},"end":{"line":179,"column":13}}]}},"s":{"0":2,"1":2,"2":2,"3":2,"4":2,"5":3,"6":3,"7":3,"8":3,"9":1,"10":1,"11":2,"12":1,"13":1,"14":1,"15":1,"16":1,"17":1,"18":1,"19":1,"20":1,"21":2,"22":0,"23":0,"24":0,"25":0,"26":0,"27":0,"28":0,"29":0,"30":0,"31":0,"32":0,"33":0,"34":0,"35":0,"36":0,"37":2,"38":5,"39":5,"40":5,"41":4,"42":1,"43":1,"44":1,"45":3,"46":1,"47":1,"48":1,"49":2,"50":2,"51":1,"52":1,"53":1,"54":1,"55":1,"56":1,"57":2,"58":0,"59":0,"60":0,"61":0,"62":0,"63":0,"64":0,"65":0,"66":0,"67":0,"68":0,"69":0,"70":0,"71":2,"72":0,"73":0,"74":0,"75":0,"76":0,"77":0,"78":0,"79":0,"80":0,"81":0,"82":2,"83":0,"84":0,"85":0,"86":0,"87":0,"88":0,"89":0,"90":0,"91":0,"92":0,"93":0,"94":0,"95":0,"96":0,"97":0,"98":2,"99":0,"100":2,"101":0,"102":0,"103":0,"104":0,"105":0,"106":0,"107":0,"108":0,"109":0,"110":2},"f":{"0":3,"1":0,"2":5,"3":0,"4":0,"5":0,"6":0,"7":0},"b":{"0":[1],"1":[0],"2":[1],"3":[1],"4":[1],"5":[0],"6":[0],"7":[0],"8":[0]}}
,"C:\\Users\\pulyg\\OneDrive\\Escritorio\\APPS-WEBS-BIBLIOTECA\\NodeJS-TS\\Budget-back\\src\\controllers\\budget.controller.ts": {"path":"C:\\Users\\pulyg\\OneDrive\\Escritorio\\APPS-WEBS-BIBLIOTECA\\NodeJS-TS\\Budget-back\\src\\controllers\\budget.controller.ts","statementMap":{"0":{"start":{"line":2,"column":0},"end":{"line":2,"column":45}},"1":{"start":{"line":3,"column":0},"end":{"line":3,"column":46}},"2":{"start":{"line":7,"column":4},"end":{"line":12,"column":5}},"3":{"start":{"line":8,"column":22},"end":{"line":8,"column":73}},"4":{"start":{"line":9,"column":6},"end":{"line":9,"column":36}},"5":{"start":{"line":11,"column":6},"end":{"line":11,"column":63}},"6":{"start":{"line":16,"column":4},"end":{"line":28,"column":5}},"7":{"start":{"line":17,"column":33},"end":{"line":17,"column":41}},"8":{"start":{"line":19,"column":23},"end":{"line":19,"column":80}},"9":{"start":{"line":21,"column":8},"end":{"line":21,"column":28}},"10":{"start":{"line":23,"column":8},"end":{"line":23,"column":57}},"11":{"start":{"line":26,"column":8},"end":{"line":26,"column":27}},"12":{"start":{"line":27,"column":8},"end":{"line":27,"column":65}},"13":{"start":{"line":32,"column":4},"end":{"line":42,"column":5}},"14":{"start":{"line":33,"column":21},"end":{"line":35,"column":8}},"15":{"start":{"line":37,"column":6},"end":{"line":37,"column":35}},"16":{"start":{"line":40,"column":6},"end":{"line":40,"column":25}},"17":{"start":{"line":41,"column":6},"end":{"line":41,"column":62}},"18":{"start":{"line":46,"column":4},"end":{"line":59,"column":5}},"19":{"start":{"line":47,"column":22},"end":{"line":50,"column":null}},"20":{"start":{"line":52,"column":6},"end":{"line":52,"column":39}},"21":{"start":{"line":54,"column":6},"end":{"line":56,"column":9}},"22":{"start":{"line":58,"column":8},"end":{"line":58,"column":65}},"23":{"start":{"line":63,"column":4},"end":{"line":71,"column":5}},"24":{"start":{"line":64,"column":6},"end":{"line":64,"column":33}},"25":{"start":{"line":66,"column":6},"end":{"line":68,"column":9}},"26":{"start":{"line":70,"column":8},"end":{"line":70,"column":65}},"27":{"start":{"line":5,"column":0},"end":{"line":5,"column":13}}},"fnMap":{"0":{"name":"(anonymous_1)","decl":{"start":{"line":6,"column":2},"end":{"line":6,"column":8}},"loc":{"start":{"line":6,"column":49},"end":{"line":13,"column":3}}},"1":{"name":"(anonymous_2)","decl":{"start":{"line":15,"column":2},"end":{"line":15,"column":8}},"loc":{"start":{"line":15,"column":49},"end":{"line":29,"column":3}}},"2":{"name":"(anonymous_3)","decl":{"start":{"line":31,"column":2},"end":{"line":31,"column":8}},"loc":{"start":{"line":31,"column":51},"end":{"line":43,"column":3}}},"3":{"name":"(anonymous_4)","decl":{"start":{"line":45,"column":2},"end":{"line":45,"column":8}},"loc":{"start":{"line":45,"column":55},"end":{"line":60,"column":3}}},"4":{"name":"(anonymous_5)","decl":{"start":{"line":62,"column":2},"end":{"line":62,"column":8}},"loc":{"start":{"line":62,"column":55},"end":{"line":72,"column":3}}}},"branchMap":{"0":{"loc":{"start":{"line":48,"column":16},"end":{"line":48,"column":48}},"type":"binary-expr","locations":[{"start":{"line":48,"column":16},"end":{"line":48,"column":29}},{"start":{"line":48,"column":33},"end":{"line":48,"column":48}}]},"1":{"loc":{"start":{"line":49,"column":18},"end":{"line":49,"column":54}},"type":"binary-expr","locations":[{"start":{"line":49,"column":18},"end":{"line":49,"column":33}},{"start":{"line":49,"column":37},"end":{"line":49,"column":54}}]}},"s":{"0":2,"1":2,"2":4,"3":4,"4":3,"5":1,"6":2,"7":2,"8":2,"9":1,"10":1,"11":1,"12":1,"13":2,"14":2,"15":1,"16":1,"17":1,"18":2,"19":2,"20":2,"21":1,"22":1,"23":2,"24":2,"25":1,"26":1,"27":2},"f":{"0":4,"1":2,"2":2,"3":2,"4":2},"b":{"0":[2,0],"1":[2,0]}}
,"C:\\Users\\pulyg\\OneDrive\\Escritorio\\APPS-WEBS-BIBLIOTECA\\NodeJS-TS\\Budget-back\\src\\controllers\\expense.controller.ts": {"path":"C:\\Users\\pulyg\\OneDrive\\Escritorio\\APPS-WEBS-BIBLIOTECA\\NodeJS-TS\\Budget-back\\src\\controllers\\expense.controller.ts","statementMap":{"0":{"start":{"line":2,"column":0},"end":{"line":2,"column":46}},"1":{"start":{"line":3,"column":0},"end":{"line":3,"column":44}},"2":{"start":{"line":6,"column":20},"end":{"line":20,"column":5}},"3":{"start":{"line":7,"column":8},"end":{"line":19,"column":9}},"4":{"start":{"line":8,"column":37},"end":{"line":8,"column":45}},"5":{"start":{"line":10,"column":28},"end":{"line":10,"column":64}},"6":{"start":{"line":11,"column":12},"end":{"line":11,"column":45}},"7":{"start":{"line":13,"column":12},"end":{"line":13,"column":33}},"8":{"start":{"line":15,"column":12},"end":{"line":15,"column":69}},"9":{"start":{"line":17,"column":12},"end":{"line":17,"column":60}},"10":{"start":{"line":18,"column":12},"end":{"line":18,"column":71}},"11":{"start":{"line":22,"column":21},"end":{"line":28,"column":5}},"12":{"start":{"line":23,"column":24},"end":{"line":25,"column":10}},"13":{"start":{"line":27,"column":8},"end":{"line":27,"column":38}},"14":{"start":{"line":30,"column":24},"end":{"line":34,"column":5}},"15":{"start":{"line":31,"column":8},"end":{"line":31,"column":43}},"16":{"start":{"line":33,"column":8},"end":{"line":33,"column":57}},"17":{"start":{"line":36,"column":24},"end":{"line":40,"column":5}},"18":{"start":{"line":37,"column":8},"end":{"line":37,"column":36}},"19":{"start":{"line":39,"column":8},"end":{"line":39,"column":57}},"20":{"start":{"line":5,"column":0},"end":{"line":5,"column":13}}},"fnMap":{"0":{"name":"(anonymous_1)","decl":{"start":{"line":6,"column":20},"end":{"line":6,"column":25}},"loc":{"start":{"line":6,"column":58},"end":{"line":20,"column":5}}},"1":{"name":"(anonymous_2)","decl":{"start":{"line":22,"column":21},"end":{"line":22,"column":26}},"loc":{"start":{"line":22,"column":59},"end":{"line":28,"column":5}}},"2":{"name":"(anonymous_3)","decl":{"start":{"line":30,"column":24},"end":{"line":30,"column":29}},"loc":{"start":{"line":30,"column":62},"end":{"line":34,"column":5}}},"3":{"name":"(anonymous_4)","decl":{"start":{"line":36,"column":24},"end":{"line":36,"column":29}},"loc":{"start":{"line":36,"column":62},"end":{"line":40,"column":5}}}},"branchMap":{},"s":{"0":2,"1":2,"2":2,"3":2,"4":2,"5":2,"6":1,"7":1,"8":1,"9":1,"10":1,"11":2,"12":1,"13":1,"14":2,"15":1,"16":1,"17":2,"18":1,"19":1,"20":2},"f":{"0":2,"1":1,"2":1,"3":1},"b":{}}
,"C:\\Users\\pulyg\\OneDrive\\Escritorio\\APPS-WEBS-BIBLIOTECA\\NodeJS-TS\\Budget-back\\src\\emails\\emailServices.ts": {"path":"C:\\Users\\pulyg\\OneDrive\\Escritorio\\APPS-WEBS-BIBLIOTECA\\NodeJS-TS\\Budget-back\\src\\emails\\emailServices.ts","statementMap":{"0":{"start":{"line":1,"column":0},"end":{"line":1,"column":51}},"1":{"start":{"line":5,"column":4},"end":{"line":35,"column":5}},"2":{"start":{"line":6,"column":6},"end":{"line":31,"column":9}},"3":{"start":{"line":33,"column":6},"end":{"line":33,"column":65}},"4":{"start":{"line":34,"column":6},"end":{"line":34,"column":18}},"5":{"start":{"line":39,"column":4},"end":{"line":65,"column":5}},"6":{"start":{"line":40,"column":6},"end":{"line":61,"column":7}},"7":{"start":{"line":63,"column":6},"end":{"line":63,"column":70}},"8":{"start":{"line":64,"column":6},"end":{"line":64,"column":18}},"9":{"start":{"line":69,"column":4},"end":{"line":104,"column":5}},"10":{"start":{"line":70,"column":6},"end":{"line":99,"column":9}},"11":{"start":{"line":102,"column":6},"end":{"line":102,"column":67}},"12":{"start":{"line":103,"column":6},"end":{"line":103,"column":18}},"13":{"start":{"line":3,"column":0},"end":{"line":3,"column":13}}},"fnMap":{"0":{"name":"(anonymous_0)","decl":{"start":{"line":4,"column":2},"end":{"line":4,"column":8}},"loc":{"start":{"line":4,"column":82},"end":{"line":36,"column":3}}},"1":{"name":"(anonymous_1)","decl":{"start":{"line":38,"column":2},"end":{"line":38,"column":8}},"loc":{"start":{"line":38,"column":71},"end":{"line":66,"column":3}}},"2":{"name":"(anonymous_2)","decl":{"start":{"line":68,"column":2},"end":{"line":68,"column":8}},"loc":{"start":{"line":68,"column":67},"end":{"line":105,"column":3}}}},"branchMap":{},"s":{"0":2,"1":0,"2":0,"3":0,"4":0,"5":0,"6":0,"7":0,"8":0,"9":0,"10":0,"11":0,"12":0,"13":2},"f":{"0":0,"1":0,"2":0},"b":{}}
,"C:\\Users\\pulyg\\OneDrive\\Escritorio\\APPS-WEBS-BIBLIOTECA\\NodeJS-TS\\Budget-back\\src\\middleware\\authentication.ts": {"path":"C:\\Users\\pulyg\\OneDrive\\Escritorio\\APPS-WEBS-BIBLIOTECA\\NodeJS-TS\\Budget-back\\src\\middleware\\authentication.ts","statementMap":{"0":{"start":{"line":2,"column":0},"end":{"line":2,"column":31}},"1":{"start":{"line":3,"column":0},"end":{"line":3,"column":40}},"2":{"start":{"line":19,"column":30},"end":{"line":50,"column":1}},"3":{"start":{"line":20,"column":4},"end":{"line":23,"column":5}},"4":{"start":{"line":21,"column":8},"end":{"line":21,"column":53}},"5":{"start":{"line":22,"column":8},"end":{"line":22,"column":15}},"6":{"start":{"line":25,"column":18},"end":{"line":25,"column":57}},"7":{"start":{"line":26,"column":23},"end":{"line":26,"column":50}},"8":{"start":{"line":28,"column":4},"end":{"line":49,"column":5}},"9":{"start":{"line":29,"column":24},"end":{"line":29,"column":69}},"10":{"start":{"line":32,"column":21},"end":{"line":34,"column":10}},"11":{"start":{"line":36,"column":8},"end":{"line":40,"column":9}},"12":{"start":{"line":37,"column":26},"end":{"line":37,"column":52}},"13":{"start":{"line":38,"column":12},"end":{"line":38,"column":55}},"14":{"start":{"line":39,"column":12},"end":{"line":39,"column":19}},"15":{"start":{"line":42,"column":8},"end":{"line":42,"column":24}},"16":{"start":{"line":44,"column":8},"end":{"line":44,"column":15}},"17":{"start":{"line":47,"column":8},"end":{"line":47,"column":50}},"18":{"start":{"line":48,"column":8},"end":{"line":48,"column":67}},"19":{"start":{"line":19,"column":13},"end":{"line":19,"column":30}}},"fnMap":{"0":{"name":"(anonymous_1)","decl":{"start":{"line":19,"column":30},"end":{"line":19,"column":35}},"loc":{"start":{"line":19,"column":85},"end":{"line":50,"column":1}}}},"branchMap":{"0":{"loc":{"start":{"line":20,"column":4},"end":{"line":23,"column":5}},"type":"if","locations":[{"start":{"line":20,"column":4},"end":{"line":23,"column":5}}]},"1":{"loc":{"start":{"line":36,"column":8},"end":{"line":40,"column":9}},"type":"if","locations":[{"start":{"line":36,"column":8},"end":{"line":40,"column":9}}]}},"s":{"0":1,"1":1,"2":1,"3":0,"4":0,"5":0,"6":0,"7":0,"8":0,"9":0,"10":0,"11":0,"12":0,"13":0,"14":0,"15":0,"16":0,"17":0,"18":0,"19":1},"f":{"0":0},"b":{"0":[0],"1":[0]}}
,"C:\\Users\\pulyg\\OneDrive\\Escritorio\\APPS-WEBS-BIBLIOTECA\\NodeJS-TS\\Budget-back\\src\\middleware\\budget.ts": {"path":"C:\\Users\\pulyg\\OneDrive\\Escritorio\\APPS-WEBS-BIBLIOTECA\\NodeJS-TS\\Budget-back\\src\\middleware\\budget.ts","statementMap":{"0":{"start":{"line":2,"column":0},"end":{"line":2,"column":44}},"1":{"start":{"line":12,"column":35},"end":{"line":34,"column":1}},"2":{"start":{"line":13,"column":2},"end":{"line":33,"column":5}},"3":{"start":{"line":14,"column":25},"end":{"line":14,"column":35}},"4":{"start":{"line":16,"column":19},"end":{"line":16,"column":50}},"5":{"start":{"line":18,"column":4},"end":{"line":24,"column":5}},"6":{"start":{"line":19,"column":6},"end":{"line":21,"column":null}},"7":{"start":{"line":23,"column":6},"end":{"line":23,"column":13}},"8":{"start":{"line":26,"column":4},"end":{"line":26,"column":24}},"9":{"start":{"line":28,"column":4},"end":{"line":28,"column":11}},"10":{"start":{"line":31,"column":6},"end":{"line":31,"column":25}},"11":{"start":{"line":32,"column":6},"end":{"line":32,"column":59}},"12":{"start":{"line":12,"column":13},"end":{"line":12,"column":35}},"13":{"start":{"line":36,"column":26},"end":{"line":53,"column":1}},"14":{"start":{"line":40,"column":2},"end":{"line":52,"column":3}},"15":{"start":{"line":41,"column":4},"end":{"line":45,"column":5}},"16":{"start":{"line":42,"column":20},"end":{"line":42,"column":45}},"17":{"start":{"line":43,"column":6},"end":{"line":43,"column":49}},"18":{"start":{"line":44,"column":6},"end":{"line":44,"column":13}},"19":{"start":{"line":47,"column":4},"end":{"line":47,"column":11}},"20":{"start":{"line":50,"column":6},"end":{"line":50,"column":25}},"21":{"start":{"line":51,"column":6},"end":{"line":51,"column":59}},"22":{"start":{"line":36,"column":13},"end":{"line":36,"column":26}}},"fnMap":{"0":{"name":"(anonymous_1)","decl":{"start":{"line":12,"column":35},"end":{"line":12,"column":40}},"loc":{"start":{"line":12,"column":90},"end":{"line":34,"column":1}}},"1":{"name":"(anonymous_2)","decl":{"start":{"line":36,"column":26},"end":{"line":36,"column":31}},"loc":{"start":{"line":36,"column":81},"end":{"line":53,"column":1}}}},"branchMap":{"0":{"loc":{"start":{"line":18,"column":4},"end":{"line":24,"column":5}},"type":"if","locations":[{"start":{"line":18,"column":4},"end":{"line":24,"column":5}}]},"1":{"loc":{"start":{"line":41,"column":4},"end":{"line":45,"column":5}},"type":"if","locations":[{"start":{"line":41,"column":4},"end":{"line":45,"column":5}}]}},"s":{"0":3,"1":3,"2":3,"3":3,"4":3,"5":2,"6":1,"7":1,"8":1,"9":1,"10":1,"11":1,"12":3,"13":3,"14":3,"15":3,"16":2,"17":2,"18":2,"19":1,"20":0,"21":0,"22":3},"f":{"0":3,"1":3},"b":{"0":[1],"1":[2]}}
,"C:\\Users\\pulyg\\OneDrive\\Escritorio\\APPS-WEBS-BIBLIOTECA\\NodeJS-TS\\Budget-back\\src\\middleware\\expense.ts": {"path":"C:\\Users\\pulyg\\OneDrive\\Escritorio\\APPS-WEBS-BIBLIOTECA\\NodeJS-TS\\Budget-back\\src\\middleware\\expense.ts","statementMap":{"0":{"start":{"line":2,"column":0},"end":{"line":2,"column":46}},"1":{"start":{"line":12,"column":36},"end":{"line":33,"column":1}},"2":{"start":{"line":13,"column":4},"end":{"line":32,"column":5}},"3":{"start":{"line":14,"column":28},"end":{"line":14,"column":38}},"4":{"start":{"line":16,"column":22},"end":{"line":16,"column":55}},"5":{"start":{"line":18,"column":6},"end":{"line":24,"column":7}},"6":{"start":{"line":19,"column":8},"end":{"line":21,"column":null}},"7":{"start":{"line":23,"column":8},"end":{"line":23,"column":15}},"8":{"start":{"line":26,"column":6},"end":{"line":26,"column":28}},"9":{"start":{"line":27,"column":6},"end":{"line":27,"column":13}},"10":{"start":{"line":30,"column":6},"end":{"line":30,"column":25}},"11":{"start":{"line":31,"column":6},"end":{"line":31,"column":59}},"12":{"start":{"line":12,"column":13},"end":{"line":12,"column":36}}},"fnMap":{"0":{"name":"(anonymous_1)","decl":{"start":{"line":12,"column":36},"end":{"line":12,"column":41}},"loc":{"start":{"line":12,"column":91},"end":{"line":33,"column":1}}}},"branchMap":{"0":{"loc":{"start":{"line":18,"column":6},"end":{"line":24,"column":7}},"type":"if","locations":[{"start":{"line":18,"column":6},"end":{"line":24,"column":7}}]}},"s":{"0":2,"1":2,"2":3,"3":3,"4":3,"5":2,"6":1,"7":1,"8":1,"9":1,"10":1,"11":1,"12":2},"f":{"0":3},"b":{"0":[1]}}
,"C:\\Users\\pulyg\\OneDrive\\Escritorio\\APPS-WEBS-BIBLIOTECA\\NodeJS-TS\\Budget-back\\src\\middleware\\validation.ts": {"path":"C:\\Users\\pulyg\\OneDrive\\Escritorio\\APPS-WEBS-BIBLIOTECA\\NodeJS-TS\\Budget-back\\src\\middleware\\validation.ts","statementMap":{"0":{"start":{"line":2,"column":0},"end":{"line":2,"column":50}},"1":{"start":{"line":4,"column":33},"end":{"line":12,"column":1}},"2":{"start":{"line":5,"column":19},"end":{"line":5,"column":40}},"3":{"start":{"line":6,"column":4},"end":{"line":9,"column":5}},"4":{"start":{"line":7,"column":8},"end":{"line":7,"column":null}},"5":{"start":{"line":8,"column":8},"end":{"line":8,"column":14}},"6":{"start":{"line":11,"column":4},"end":{"line":11,"column":11}},"7":{"start":{"line":4,"column":13},"end":{"line":4,"column":33}}},"fnMap":{"0":{"name":"(anonymous_0)","decl":{"start":{"line":4,"column":33},"end":{"line":4,"column":34}},"loc":{"start":{"line":4,"column":88},"end":{"line":12,"column":1}}}},"branchMap":{"0":{"loc":{"start":{"line":6,"column":4},"end":{"line":9,"column":5}},"type":"if","locations":[{"start":{"line":6,"column":4},"end":{"line":9,"column":5}}]}},"s":{"0":1,"1":1,"2":0,"3":0,"4":0,"5":0,"6":0,"7":1},"f":{"0":0},"b":{"0":[0]}}
,"C:\\Users\\pulyg\\OneDrive\\Escritorio\\APPS-WEBS-BIBLIOTECA\\NodeJS-TS\\Budget-back\\src\\models\\budget.model.ts": {"path":"C:\\Users\\pulyg\\OneDrive\\Escritorio\\APPS-WEBS-BIBLIOTECA\\NodeJS-TS\\Budget-back\\src\\models\\budget.model.ts","statementMap":{"0":{"start":{"line":1,"column":0},"end":{"line":1,"column":99}},"1":{"start":{"line":2,"column":0},"end":{"line":2,"column":38}},"2":{"start":{"line":3,"column":0},"end":{"line":3,"column":32}},"3":{"start":{"line":10,"column":7},"end":{"line":34,"column":null}},"4":{"start":{"line":10,"column":13},"end":{"line":10,"column":19}},"5":{"start":{"line":15,"column":12},"end":{"line":15,"column":null}},"6":{"start":{"line":21,"column":12},"end":{"line":21,"column":null}},"7":{"start":{"line":24,"column":12},"end":{"line":24,"column":null}},"8":{"start":{"line":23,"column":22},"end":{"line":23,"column":26}},"9":{"start":{"line":30,"column":12},"end":{"line":30,"column":null}},"10":{"start":{"line":26,"column":19},"end":{"line":26,"column":26}},"11":{"start":{"line":33,"column":12},"end":{"line":33,"column":null}},"12":{"start":{"line":32,"column":21},"end":{"line":32,"column":25}},"13":{"start":{"line":10,"column":13},"end":{"line":34,"column":null}},"14":{"start":{"line":36,"column":2},"end":{"line":36,"column":null}}},"fnMap":{"0":{"name":"(anonymous_3)","decl":{"start":{"line":23,"column":16},"end":{"line":23,"column":19}},"loc":{"start":{"line":23,"column":22},"end":{"line":23,"column":26}}},"1":{"name":"(anonymous_4)","decl":{"start":{"line":26,"column":13},"end":{"line":26,"column":16}},"loc":{"start":{"line":26,"column":19},"end":{"line":26,"column":26}}},"2":{"name":"(anonymous_5)","decl":{"start":{"line":32,"column":15},"end":{"line":32,"column":18}},"loc":{"start":{"line":32,"column":21},"end":{"line":32,"column":25}}}},"branchMap":{"0":{"loc":{"start":{"line":33,"column":18},"end":{"line":33,"column":null}},"type":"cond-expr","locations":[{"start":{"line":33,"column":22},"end":{"line":33,"column":null}},{"start":{"line":33,"column":22},"end":{"line":33,"column":null}}]},"1":{"loc":{"start":{"line":33,"column":18},"end":{"line":33,"column":22}},"type":"binary-expr","locations":[{"start":{"line":33,"column":18},"end":{"line":33,"column":null}},{"start":{"line":33,"column":18},"end":{"line":33,"column":22}}]}},"s":{"0":4,"1":4,"2":4,"3":4,"4":4,"5":4,"6":4,"7":4,"8":2,"9":4,"10":2,"11":4,"12":2,"13":4,"14":4},"f":{"0":2,"1":2,"2":2},"b":{"0":[3,1],"1":[4,4]}}
,"C:\\Users\\pulyg\\OneDrive\\Escritorio\\APPS-WEBS-BIBLIOTECA\\NodeJS-TS\\Budget-back\\src\\models\\expense.model.ts": {"path":"C:\\Users\\pulyg\\OneDrive\\Escritorio\\APPS-WEBS-BIBLIOTECA\\NodeJS-TS\\Budget-back\\src\\models\\expense.model.ts","statementMap":{"0":{"start":{"line":1,"column":0},"end":{"line":1,"column":90}},"1":{"start":{"line":2,"column":0},"end":{"line":2,"column":36}},"2":{"start":{"line":9,"column":7},"end":{"line":27,"column":null}},"3":{"start":{"line":9,"column":13},"end":{"line":9,"column":20}},"4":{"start":{"line":14,"column":12},"end":{"line":14,"column":null}},"5":{"start":{"line":20,"column":12},"end":{"line":20,"column":null}},"6":{"start":{"line":23,"column":12},"end":{"line":23,"column":null}},"7":{"start":{"line":22,"column":22},"end":{"line":22,"column":28}},"8":{"start":{"line":26,"column":12},"end":{"line":26,"column":null}},"9":{"start":{"line":25,"column":21},"end":{"line":25,"column":27}},"10":{"start":{"line":9,"column":13},"end":{"line":27,"column":null}},"11":{"start":{"line":29,"column":2},"end":{"line":29,"column":null}}},"fnMap":{"0":{"name":"(anonymous_3)","decl":{"start":{"line":22,"column":16},"end":{"line":22,"column":19}},"loc":{"start":{"line":22,"column":22},"end":{"line":22,"column":28}}},"1":{"name":"(anonymous_4)","decl":{"start":{"line":25,"column":15},"end":{"line":25,"column":18}},"loc":{"start":{"line":25,"column":21},"end":{"line":25,"column":27}}}},"branchMap":{"0":{"loc":{"start":{"line":26,"column":20},"end":{"line":26,"column":null}},"type":"cond-expr","locations":[{"start":{"line":26,"column":26},"end":{"line":26,"column":null}},{"start":{"line":26,"column":26},"end":{"line":26,"column":null}}]},"1":{"loc":{"start":{"line":26,"column":20},"end":{"line":26,"column":26}},"type":"binary-expr","locations":[{"start":{"line":26,"column":20},"end":{"line":26,"column":null}},{"start":{"line":26,"column":20},"end":{"line":26,"column":26}}]}},"s":{"0":3,"1":3,"2":3,"3":3,"4":3,"5":3,"6":3,"7":2,"8":3,"9":2,"10":3,"11":3},"f":{"0":2,"1":2},"b":{"0":[0,3],"1":[3,1]}}
,"C:\\Users\\pulyg\\OneDrive\\Escritorio\\APPS-WEBS-BIBLIOTECA\\NodeJS-TS\\Budget-back\\src\\models\\user.model.ts": {"path":"C:\\Users\\pulyg\\OneDrive\\Escritorio\\APPS-WEBS-BIBLIOTECA\\NodeJS-TS\\Budget-back\\src\\models\\user.model.ts","statementMap":{"0":{"start":{"line":1,"column":0},"end":{"line":1,"column":104}},"1":{"start":{"line":2,"column":0},"end":{"line":2,"column":36}},"2":{"start":{"line":9,"column":7},"end":{"line":47,"column":null}},"3":{"start":{"line":9,"column":13},"end":{"line":9,"column":17}},"4":{"start":{"line":14,"column":12},"end":{"line":14,"column":null}},"5":{"start":{"line":21,"column":12},"end":{"line":21,"column":null}},"6":{"start":{"line":27,"column":12},"end":{"line":27,"column":null}},"7":{"start":{"line":33,"column":12},"end":{"line":33,"column":null}},"8":{"start":{"line":40,"column":12},"end":{"line":40,"column":null}},"9":{"start":{"line":46,"column":12},"end":{"line":46,"column":null}},"10":{"start":{"line":42,"column":19},"end":{"line":42,"column":25}},"11":{"start":{"line":9,"column":13},"end":{"line":47,"column":null}},"12":{"start":{"line":49,"column":2},"end":{"line":49,"column":null}}},"fnMap":{"0":{"name":"(anonymous_3)","decl":{"start":{"line":42,"column":13},"end":{"line":42,"column":16}},"loc":{"start":{"line":42,"column":19},"end":{"line":42,"column":25}}}},"branchMap":{},"s":{"0":4,"1":4,"2":4,"3":4,"4":4,"5":4,"6":4,"7":4,"8":4,"9":4,"10":2,"11":4,"12":4},"f":{"0":2},"b":{}}
,"C:\\Users\\pulyg\\OneDrive\\Escritorio\\APPS-WEBS-BIBLIOTECA\\NodeJS-TS\\Budget-back\\src\\routes\\auth.router.ts": {"path":"C:\\Users\\pulyg\\OneDrive\\Escritorio\\APPS-WEBS-BIBLIOTECA\\NodeJS-TS\\Budget-back\\src\\routes\\auth.router.ts","statementMap":{"0":{"start":{"line":1,"column":0},"end":{"line":1,"column":29}},"1":{"start":{"line":2,"column":0},"end":{"line":2,"column":64}},"2":{"start":{"line":3,"column":0},"end":{"line":3,"column":61}},"3":{"start":{"line":4,"column":0},"end":{"line":4,"column":45}},"4":{"start":{"line":5,"column":0},"end":{"line":5,"column":44}},"5":{"start":{"line":6,"column":0},"end":{"line":6,"column":62}},"6":{"start":{"line":8,"column":15},"end":{"line":8,"column":31}},"7":{"start":{"line":11,"column":0},"end":{"line":31,"column":2}},"8":{"start":{"line":33,"column":0},"end":{"line":39,"column":2}},"9":{"start":{"line":41,"column":0},"end":{"line":49,"column":2}},"10":{"start":{"line":51,"column":0},"end":{"line":58,"column":2}},"11":{"start":{"line":60,"column":0},"end":{"line":65,"column":2}},"12":{"start":{"line":67,"column":0},"end":{"line":77,"column":2}},"13":{"start":{"line":79,"column":0},"end":{"line":82,"column":2}},"14":{"start":{"line":84,"column":0},"end":{"line":90,"column":2}},"15":{"start":{"line":92,"column":0},"end":{"line":92,"column":null}}},"fnMap":{},"branchMap":{},"s":{"0":1,"1":1,"2":1,"3":1,"4":1,"5":1,"6":1,"7":1,"8":1,"9":1,"10":1,"11":1,"12":1,"13":1,"14":1,"15":1},"f":{},"b":{}}
,"C:\\Users\\pulyg\\OneDrive\\Escritorio\\APPS-WEBS-BIBLIOTECA\\NodeJS-TS\\Budget-back\\src\\routes\\budget.router.ts": {"path":"C:\\Users\\pulyg\\OneDrive\\Escritorio\\APPS-WEBS-BIBLIOTECA\\NodeJS-TS\\Budget-back\\src\\routes\\budget.router.ts","statementMap":{"0":{"start":{"line":1,"column":0},"end":{"line":1,"column":29}},"1":{"start":{"line":2,"column":0},"end":{"line":2,"column":68}},"2":{"start":{"line":3,"column":0},"end":{"line":3,"column":71}},"3":{"start":{"line":4,"column":0},"end":{"line":4,"column":61}},"4":{"start":{"line":5,"column":0},"end":{"line":5,"column":71}},"5":{"start":{"line":6,"column":0},"end":{"line":6,"column":45}},"6":{"start":{"line":7,"column":0},"end":{"line":7,"column":61}},"7":{"start":{"line":8,"column":0},"end":{"line":8,"column":62}},"8":{"start":{"line":10,"column":15},"end":{"line":10,"column":31}},"9":{"start":{"line":12,"column":0},"end":{"line":12,"column":27}},"10":{"start":{"line":14,"column":0},"end":{"line":16,"column":2}},"11":{"start":{"line":18,"column":0},"end":{"line":28,"column":2}},"12":{"start":{"line":30,"column":0},"end":{"line":38,"column":2}},"13":{"start":{"line":40,"column":0},"end":{"line":48,"column":2}},"14":{"start":{"line":50,"column":0},"end":{"line":58,"column":2}},"15":{"start":{"line":61,"column":0},"end":{"line":65,"column":2}},"16":{"start":{"line":66,"column":0},"end":{"line":76,"column":2}},"17":{"start":{"line":78,"column":0},"end":{"line":89,"column":2}},"18":{"start":{"line":91,"column":0},"end":{"line":102,"column":2}},"19":{"start":{"line":104,"column":0},"end":{"line":104,"column":null}}},"fnMap":{},"branchMap":{},"s":{"0":1,"1":1,"2":1,"3":1,"4":1,"5":1,"6":1,"7":1,"8":1,"9":1,"10":1,"11":1,"12":1,"13":1,"14":1,"15":1,"16":1,"17":1,"18":1,"19":1},"f":{},"b":{}}
,"C:\\Users\\pulyg\\OneDrive\\Escritorio\\APPS-WEBS-BIBLIOTECA\\NodeJS-TS\\Budget-back\\src\\test\\mocks\\budgets.ts": {"path":"C:\\Users\\pulyg\\OneDrive\\Escritorio\\APPS-WEBS-BIBLIOTECA\\NodeJS-TS\\Budget-back\\src\\test\\mocks\\budgets.ts","statementMap":{"0":{"start":{"line":1,"column":13},"end":{"line":71,"column":2}}},"fnMap":{},"branchMap":{},"s":{"0":3},"f":{},"b":{}}
,"C:\\Users\\pulyg\\OneDrive\\Escritorio\\APPS-WEBS-BIBLIOTECA\\NodeJS-TS\\Budget-back\\src\\test\\mocks\\expenses.ts": {"path":"C:\\Users\\pulyg\\OneDrive\\Escritorio\\APPS-WEBS-BIBLIOTECA\\NodeJS-TS\\Budget-back\\src\\test\\mocks\\expenses.ts","statementMap":{"0":{"start":{"line":1,"column":13},"end":{"line":26,"column":null}}},"fnMap":{},"branchMap":{},"s":{"0":2},"f":{},"b":{}}
,"C:\\Users\\pulyg\\OneDrive\\Escritorio\\APPS-WEBS-BIBLIOTECA\\NodeJS-TS\\Budget-back\\src\\utils\\token.ts": {"path":"C:\\Users\\pulyg\\OneDrive\\Escritorio\\APPS-WEBS-BIBLIOTECA\\NodeJS-TS\\Budget-back\\src\\utils\\token.ts","statementMap":{"0":{"start":{"line":1,"column":0},"end":{"line":1,"column":30}},"1":{"start":{"line":4,"column":29},"end":{"line":11,"column":1}},"2":{"start":{"line":5,"column":22},"end":{"line":5,"column":32}},"3":{"start":{"line":6,"column":19},"end":{"line":6,"column":53}},"4":{"start":{"line":7,"column":21},"end":{"line":7,"column":39}},"5":{"start":{"line":8,"column":23},"end":{"line":8,"column":52}},"6":{"start":{"line":10,"column":4},"end":{"line":10,"column":22}},"7":{"start":{"line":4,"column":13},"end":{"line":4,"column":29}},"8":{"start":{"line":14,"column":25},"end":{"line":24,"column":1}},"9":{"start":{"line":15,"column":23},"end":{"line":15,"column":50}},"10":{"start":{"line":17,"column":4},"end":{"line":19,"column":5}},"11":{"start":{"line":18,"column":8},"end":{"line":18,"column":83}},"12":{"start":{"line":21,"column":4},"end":{"line":23,"column":7}},"13":{"start":{"line":14,"column":13},"end":{"line":14,"column":25}}},"fnMap":{"0":{"name":"(anonymous_1)","decl":{"start":{"line":4,"column":29},"end":{"line":4,"column":32}},"loc":{"start":{"line":4,"column":34},"end":{"line":11,"column":1}}},"1":{"name":"(anonymous_2)","decl":{"start":{"line":14,"column":25},"end":{"line":14,"column":26}},"loc":{"start":{"line":14,"column":39},"end":{"line":24,"column":1}}}},"branchMap":{"0":{"loc":{"start":{"line":17,"column":4},"end":{"line":19,"column":5}},"type":"if","locations":[{"start":{"line":17,"column":4},"end":{"line":19,"column":5}}]}},"s":{"0":1,"1":1,"2":0,"3":0,"4":0,"5":0,"6":0,"7":1,"8":1,"9":0,"10":0,"11":0,"12":0,"13":1},"f":{"0":0,"1":0},"b":{"0":[0]}}
}
