TN:
SF:src\server.ts
FN:7,connectDB
FN:24,(anonymous_2)
FNF:2
FNH:2
FNDA:1,connectDB
FNDA:1,(anonymous_2)
DA:1,1
DA:2,1
DA:3,1
DA:4,1
DA:5,1
DA:8,1
DA:9,1
DA:10,0
DA:11,0
DA:13,0
DA:17,1
DA:18,1
DA:20,1
DA:22,1
DA:24,1
DA:25,1
DA:29,1
DA:30,1
DA:32,1
LF:19
LH:16
BRF:0
BRH:0
end_of_record
TN:
SF:src\config\database.ts
FNF:0
FNH:0
DA:1,1
DA:2,1
DA:4,1
DA:6,1
DA:8,1
LF:5
LH:5
BRF:0
BRH:0
end_of_record
TN:
SF:src\config\limiter.ts
FNF:0
FNH:0
DA:1,1
DA:3,1
LF:2
LH:2
BRF:0
BRH:0
end_of_record
TN:
SF:src\config\nodemailer.ts
FNF:0
FNH:0
DA:1,2
DA:13,2
DA:23,2
LF:3
LH:3
BRF:0
BRH:0
end_of_record
TN:
SF:src\controllers\auth.controller.ts
FN:14,(anonymous_1)
FN:44,(anonymous_2)
FN:69,(anonymous_3)
FN:101,(anonymous_4)
FN:123,(anonymous_5)
FN:141,(anonymous_6)
FN:167,(anonymous_7)
FN:171,(anonymous_8)
FNF:8
FNH:2
FNDA:3,(anonymous_1)
FNDA:0,(anonymous_2)
FNDA:5,(anonymous_3)
FNDA:0,(anonymous_4)
FNDA:0,(anonymous_5)
FNDA:0,(anonymous_6)
FNDA:0,(anonymous_7)
FNDA:0,(anonymous_8)
DA:2,2
DA:3,2
DA:4,2
DA:5,2
DA:13,2
DA:14,2
DA:15,3
DA:16,3
DA:18,3
DA:19,3
DA:20,1
DA:21,1
DA:24,2
DA:26,1
DA:28,1
DA:30,1
DA:31,1
DA:33,1
DA:35,1
DA:37,1
DA:39,1
DA:40,1
DA:44,2
DA:45,0
DA:46,0
DA:48,0
DA:49,0
DA:50,0
DA:51,0
DA:52,0
DA:55,0
DA:56,0
DA:58,0
DA:59,0
DA:60,0
DA:62,0
DA:64,0
DA:65,0
DA:69,2
DA:70,5
DA:71,5
DA:73,5
DA:74,4
DA:75,1
DA:76,1
DA:77,1
DA:80,3
DA:81,1
DA:82,1
DA:83,1
DA:86,2
DA:87,2
DA:88,1
DA:89,1
DA:92,1
DA:93,1
DA:96,1
DA:97,1
DA:101,2
DA:102,0
DA:103,0
DA:104,0
DA:105,0
DA:106,0
DA:107,0
DA:108,0
DA:110,0
DA:111,0
DA:113,0
DA:115,0
DA:118,0
DA:119,0
DA:123,2
DA:124,0
DA:125,0
DA:126,0
DA:127,0
DA:128,0
DA:129,0
DA:130,0
DA:133,0
DA:136,0
DA:137,0
DA:141,2
DA:142,0
DA:143,0
DA:144,0
DA:146,0
DA:147,0
DA:148,0
DA:149,0
DA:150,0
DA:153,0
DA:155,0
DA:156,0
DA:157,0
DA:159,0
DA:162,0
DA:163,0
DA:167,2
DA:168,0
DA:171,2
DA:172,0
DA:173,0
DA:175,0
DA:176,0
DA:177,0
DA:178,0
DA:181,0
DA:184,0
DA:185,0
LF:111
LH:48
BRDA:19,0,0,1
BRDA:49,1,0,0
BRDA:74,2,0,1
BRDA:80,3,0,1
BRDA:87,4,0,1
BRDA:105,5,0,0
BRDA:127,6,0,0
BRDA:147,7,0,0
BRDA:175,8,0,0
BRF:9
BRH:4
end_of_record
TN:
SF:src\controllers\budget.controller.ts
FN:6,(anonymous_1)
FN:15,(anonymous_2)
FN:31,(anonymous_3)
FN:45,(anonymous_4)
FN:62,(anonymous_5)
FNF:5
FNH:5
FNDA:4,(anonymous_1)
FNDA:2,(anonymous_2)
FNDA:2,(anonymous_3)
FNDA:2,(anonymous_4)
FNDA:2,(anonymous_5)
DA:2,2
DA:3,2
DA:5,2
DA:7,4
DA:8,4
DA:9,3
DA:11,1
DA:16,2
DA:17,2
DA:19,2
DA:21,1
DA:23,1
DA:26,1
DA:27,1
DA:32,2
DA:33,2
DA:37,1
DA:40,1
DA:41,1
DA:46,2
DA:47,2
DA:52,2
DA:54,1
DA:58,1
DA:63,2
DA:64,2
DA:66,1
DA:70,1
LF:28
LH:28
BRDA:48,0,0,2
BRDA:48,0,1,0
BRDA:49,1,0,2
BRDA:49,1,1,0
BRF:4
BRH:2
end_of_record
TN:
SF:src\controllers\expense.controller.ts
FN:6,(anonymous_1)
FN:22,(anonymous_2)
FN:30,(anonymous_3)
FN:36,(anonymous_4)
FNF:4
FNH:4
FNDA:2,(anonymous_1)
FNDA:1,(anonymous_2)
FNDA:1,(anonymous_3)
FNDA:1,(anonymous_4)
DA:2,2
DA:3,2
DA:5,2
DA:6,2
DA:7,2
DA:8,2
DA:10,2
DA:11,1
DA:13,1
DA:15,1
DA:17,1
DA:18,1
DA:22,2
DA:23,1
DA:27,1
DA:30,2
DA:31,1
DA:33,1
DA:36,2
DA:37,1
DA:39,1
LF:21
LH:21
BRF:0
BRH:0
end_of_record
TN:
SF:src\emails\emailServices.ts
FN:4,(anonymous_0)
FN:38,(anonymous_1)
FN:68,(anonymous_2)
FNF:3
FNH:0
FNDA:0,(anonymous_0)
FNDA:0,(anonymous_1)
FNDA:0,(anonymous_2)
DA:1,2
DA:3,2
DA:5,0
DA:6,0
DA:33,0
DA:34,0
DA:39,0
DA:40,0
DA:63,0
DA:64,0
DA:69,0
DA:70,0
DA:102,0
DA:103,0
LF:14
LH:2
BRF:0
BRH:0
end_of_record
TN:
SF:src\middleware\authentication.ts
FN:19,(anonymous_1)
FNF:1
FNH:0
FNDA:0,(anonymous_1)
DA:2,1
DA:3,1
DA:19,1
DA:20,0
DA:21,0
DA:22,0
DA:25,0
DA:26,0
DA:28,0
DA:29,0
DA:32,0
DA:36,0
DA:37,0
DA:38,0
DA:39,0
DA:42,0
DA:44,0
DA:47,0
DA:48,0
LF:19
LH:3
BRDA:20,0,0,0
BRDA:36,1,0,0
BRF:2
BRH:0
end_of_record
TN:
SF:src\middleware\budget.ts
FN:12,(anonymous_1)
FN:36,(anonymous_2)
FNF:2
FNH:2
FNDA:3,(anonymous_1)
FNDA:3,(anonymous_2)
DA:2,3
DA:12,3
DA:13,3
DA:14,3
DA:16,3
DA:18,2
DA:19,1
DA:23,1
DA:26,1
DA:28,1
DA:31,1
DA:32,1
DA:36,3
DA:40,3
DA:41,3
DA:42,2
DA:43,2
DA:44,2
DA:47,1
DA:50,0
DA:51,0
LF:21
LH:19
BRDA:18,0,0,1
BRDA:41,1,0,2
BRF:2
BRH:2
end_of_record
TN:
SF:src\middleware\expense.ts
FN:12,(anonymous_1)
FNF:1
FNH:1
FNDA:3,(anonymous_1)
DA:2,2
DA:12,2
DA:13,3
DA:14,3
DA:16,3
DA:18,2
DA:19,1
DA:23,1
DA:26,1
DA:27,1
DA:30,1
DA:31,1
LF:12
LH:12
BRDA:18,0,0,1
BRF:1
BRH:1
end_of_record
TN:
SF:src\middleware\validation.ts
FN:4,(anonymous_0)
FNF:1
FNH:0
FNDA:0,(anonymous_0)
DA:2,1
DA:4,1
DA:5,0
DA:6,0
DA:7,0
DA:8,0
DA:11,0
LF:7
LH:2
BRDA:6,0,0,0
BRF:1
BRH:0
end_of_record
TN:
SF:src\models\budget.model.ts
FN:23,(anonymous_3)
FN:26,(anonymous_4)
FN:32,(anonymous_5)
FNF:3
FNH:3
FNDA:2,(anonymous_3)
FNDA:2,(anonymous_4)
FNDA:2,(anonymous_5)
DA:1,4
DA:2,4
DA:3,4
DA:10,4
DA:15,4
DA:21,4
DA:23,2
DA:24,4
DA:26,2
DA:30,4
DA:32,2
DA:33,4
DA:36,4
LF:13
LH:13
BRDA:33,0,0,3
BRDA:33,0,1,1
BRDA:33,1,0,4
BRDA:33,1,1,4
BRF:4
BRH:4
end_of_record
TN:
SF:src\models\expense.model.ts
FN:22,(anonymous_3)
FN:25,(anonymous_4)
FNF:2
FNH:2
FNDA:2,(anonymous_3)
FNDA:2,(anonymous_4)
DA:1,3
DA:2,3
DA:9,3
DA:14,3
DA:20,3
DA:22,2
DA:23,3
DA:25,2
DA:26,3
DA:29,3
LF:10
LH:10
BRDA:26,0,0,0
BRDA:26,0,1,3
BRDA:26,1,0,3
BRDA:26,1,1,1
BRF:4
BRH:3
end_of_record
TN:
SF:src\models\user.model.ts
FN:42,(anonymous_3)
FNF:1
FNH:1
FNDA:2,(anonymous_3)
DA:1,4
DA:2,4
DA:9,4
DA:14,4
DA:21,4
DA:27,4
DA:33,4
DA:40,4
DA:42,2
DA:46,4
DA:49,4
LF:11
LH:11
BRF:0
BRH:0
end_of_record
TN:
SF:src\routes\auth.router.ts
FNF:0
FNH:0
DA:1,1
DA:2,1
DA:3,1
DA:4,1
DA:5,1
DA:6,1
DA:8,1
DA:11,1
DA:33,1
DA:41,1
DA:51,1
DA:60,1
DA:67,1
DA:79,1
DA:84,1
DA:92,1
LF:16
LH:16
BRF:0
BRH:0
end_of_record
TN:
SF:src\routes\budget.router.ts
FNF:0
FNH:0
DA:1,1
DA:2,1
DA:3,1
DA:4,1
DA:5,1
DA:6,1
DA:7,1
DA:8,1
DA:10,1
DA:12,1
DA:14,1
DA:18,1
DA:30,1
DA:40,1
DA:50,1
DA:61,1
DA:66,1
DA:78,1
DA:91,1
DA:104,1
LF:20
LH:20
BRF:0
BRH:0
end_of_record
TN:
SF:src\test\mocks\budgets.ts
FNF:0
FNH:0
DA:1,3
LF:1
LH:1
BRF:0
BRH:0
end_of_record
TN:
SF:src\test\mocks\expenses.ts
FNF:0
FNH:0
DA:1,2
LF:1
LH:1
BRF:0
BRH:0
end_of_record
TN:
SF:src\utils\token.ts
FN:4,(anonymous_1)
FN:14,(anonymous_2)
FNF:2
FNH:0
FNDA:0,(anonymous_1)
FNDA:0,(anonymous_2)
DA:1,1
DA:4,1
DA:5,0
DA:6,0
DA:7,0
DA:8,0
DA:10,0
DA:14,1
DA:15,0
DA:17,0
DA:18,0
DA:21,0
LF:12
LH:3
BRDA:17,0,0,0
BRF:1
BRH:0
end_of_record
